Timestamp [2024-03-03 17:28:02,628] - Logger Name [main_logger] - Logging Level [INFO] - Log Origin [automation_script.py:<module>:22] - Log Message [Automatization is starting.....]
Timestamp [2024-03-03 17:28:02,635] - Logger Name [main_logger] - Logging Level [DEBUG] - Log Origin [utils.py:predict_data_via_api:40] - Log Message [The type of the given data to predict is: <class 'list'>]
Timestamp [2024-03-03 17:28:02,635] - Logger Name [main_logger] - Logging Level [DEBUG] - Log Origin [utils.py:predict_data_via_api:40] - Log Message [The type of the given data to predict is: <class 'list'>]
Timestamp [2024-03-03 17:28:02,635] - Logger Name [main_logger] - Logging Level [DEBUG] - Log Origin [utils.py:predict_data_via_api:41] - Log Message [Data given data to predict is: [[1, 2, 3, 4]]]
Timestamp [2024-03-03 17:28:02,635] - Logger Name [main_logger] - Logging Level [DEBUG] - Log Origin [utils.py:predict_data_via_api:41] - Log Message [Data given data to predict is: [[1, 2, 3, 4]]]
Timestamp [2024-03-03 17:28:02,637] - Logger Name [main_logger] - Logging Level [ERROR] - Log Origin [utils.py:predict_data_via_api:56] - Log Message [Exception occurred in model prediction: too many values to unpack (expected 2)]
Timestamp [2024-03-03 17:28:02,637] - Logger Name [main_logger] - Logging Level [ERROR] - Log Origin [utils.py:predict_data_via_api:56] - Log Message [Exception occurred in model prediction: too many values to unpack (expected 2)]
Timestamp [2024-03-03 17:28:02,637] - Logger Name [main_logger] - Logging Level [INFO] - Log Origin [automation_script.py:<module>:25] - Log Message [ML API predicted the input [[1, 2, 3, 4]] as : None]
Timestamp [2024-03-03 17:28:02,637] - Logger Name [main_logger] - Logging Level [INFO] - Log Origin [automation_script.py:<module>:25] - Log Message [ML API predicted the input [[1, 2, 3, 4]] as : None]
Timestamp [2024-03-03 17:28:02,644] - Logger Name [main_logger] - Logging Level [INFO] - Log Origin [automation_script.py:<module>:43] - Log Message [Streamlit should be up and running.....]
Timestamp [2024-03-03 17:28:02,644] - Logger Name [main_logger] - Logging Level [INFO] - Log Origin [automation_script.py:<module>:43] - Log Message [Streamlit should be up and running.....]
Timestamp [2024-03-03 17:28:02,649] - Logger Name [main_logger] - Logging Level [INFO] - Log Origin [automation_script.py:<module>:47] - Log Message [FastAPI should be up and running.....]
Timestamp [2024-03-03 17:28:02,649] - Logger Name [main_logger] - Logging Level [INFO] - Log Origin [automation_script.py:<module>:47] - Log Message [FastAPI should be up and running.....]
Timestamp [2024-03-03 17:28:02,649] - Logger Name [main_logger] - Logging Level [INFO] - Log Origin [automation_script.py:<module>:48] - Log Message [Streamlit and FastAPI are both up and running.]
Timestamp [2024-03-03 17:28:02,649] - Logger Name [main_logger] - Logging Level [INFO] - Log Origin [automation_script.py:<module>:48] - Log Message [Streamlit and FastAPI are both up and running.]
Timestamp [2024-03-03 17:29:41,054] - Logger Name [main_logger] - Logging Level [INFO] - Log Origin [automation_script.py:<module>:22] - Log Message [Automatization is starting.....]
Timestamp [2024-03-03 17:29:41,061] - Logger Name [main_logger] - Logging Level [DEBUG] - Log Origin [utils.py:predict_data_via_api:40] - Log Message [The type of the given data to predict is: <class 'list'>]
Timestamp [2024-03-03 17:29:41,061] - Logger Name [main_logger] - Logging Level [DEBUG] - Log Origin [utils.py:predict_data_via_api:40] - Log Message [The type of the given data to predict is: <class 'list'>]
Timestamp [2024-03-03 17:29:41,061] - Logger Name [main_logger] - Logging Level [DEBUG] - Log Origin [utils.py:predict_data_via_api:41] - Log Message [Data given data to predict is: [[1, 2, 3, 4]]]
Timestamp [2024-03-03 17:29:41,061] - Logger Name [main_logger] - Logging Level [DEBUG] - Log Origin [utils.py:predict_data_via_api:41] - Log Message [Data given data to predict is: [[1, 2, 3, 4]]]
Timestamp [2024-03-03 17:29:41,062] - Logger Name [main_logger] - Logging Level [ERROR] - Log Origin [utils.py:predict_data_via_api:56] - Log Message [Exception occurred in model prediction: too many values to unpack (expected 2)]
Timestamp [2024-03-03 17:29:41,062] - Logger Name [main_logger] - Logging Level [ERROR] - Log Origin [utils.py:predict_data_via_api:56] - Log Message [Exception occurred in model prediction: too many values to unpack (expected 2)]
Timestamp [2024-03-03 17:29:41,062] - Logger Name [main_logger] - Logging Level [INFO] - Log Origin [automation_script.py:<module>:25] - Log Message [ML API predicted the input [[1, 2, 3, 4]] as : None]
Timestamp [2024-03-03 17:29:41,062] - Logger Name [main_logger] - Logging Level [INFO] - Log Origin [automation_script.py:<module>:25] - Log Message [ML API predicted the input [[1, 2, 3, 4]] as : None]
Timestamp [2024-03-03 17:29:41,069] - Logger Name [main_logger] - Logging Level [INFO] - Log Origin [automation_script.py:<module>:43] - Log Message [Streamlit should be up and running.....]
Timestamp [2024-03-03 17:29:41,069] - Logger Name [main_logger] - Logging Level [INFO] - Log Origin [automation_script.py:<module>:43] - Log Message [Streamlit should be up and running.....]
Timestamp [2024-03-03 17:29:41,074] - Logger Name [main_logger] - Logging Level [INFO] - Log Origin [automation_script.py:<module>:47] - Log Message [FastAPI should be up and running.....]
Timestamp [2024-03-03 17:29:41,074] - Logger Name [main_logger] - Logging Level [INFO] - Log Origin [automation_script.py:<module>:47] - Log Message [FastAPI should be up and running.....]
Timestamp [2024-03-03 17:29:41,074] - Logger Name [main_logger] - Logging Level [INFO] - Log Origin [automation_script.py:<module>:48] - Log Message [Streamlit and FastAPI are both up and running.]
Timestamp [2024-03-03 17:29:41,074] - Logger Name [main_logger] - Logging Level [INFO] - Log Origin [automation_script.py:<module>:48] - Log Message [Streamlit and FastAPI are both up and running.]
Timestamp [2024-03-03 17:29:53,361] - Logger Name [main_logger] - Logging Level [INFO] - Log Origin [automation_script.py:<module>:22] - Log Message [Automatization is starting.....]
Timestamp [2024-03-03 17:29:53,368] - Logger Name [main_logger] - Logging Level [DEBUG] - Log Origin [utils.py:predict_data_via_api:40] - Log Message [The type of the given data to predict is: <class 'list'>]
Timestamp [2024-03-03 17:29:53,368] - Logger Name [main_logger] - Logging Level [DEBUG] - Log Origin [utils.py:predict_data_via_api:40] - Log Message [The type of the given data to predict is: <class 'list'>]
Timestamp [2024-03-03 17:29:53,368] - Logger Name [main_logger] - Logging Level [DEBUG] - Log Origin [utils.py:predict_data_via_api:41] - Log Message [Data given data to predict is: [[1, 2, 3, 4]]]
Timestamp [2024-03-03 17:29:53,368] - Logger Name [main_logger] - Logging Level [DEBUG] - Log Origin [utils.py:predict_data_via_api:41] - Log Message [Data given data to predict is: [[1, 2, 3, 4]]]
Timestamp [2024-03-03 17:29:53,369] - Logger Name [main_logger] - Logging Level [ERROR] - Log Origin [utils.py:predict_data_via_api:56] - Log Message [Exception occurred in model prediction: too many values to unpack (expected 2)]
Timestamp [2024-03-03 17:29:53,369] - Logger Name [main_logger] - Logging Level [ERROR] - Log Origin [utils.py:predict_data_via_api:56] - Log Message [Exception occurred in model prediction: too many values to unpack (expected 2)]
Timestamp [2024-03-03 17:29:53,369] - Logger Name [main_logger] - Logging Level [INFO] - Log Origin [automation_script.py:<module>:25] - Log Message [ML API predicted the input [[1, 2, 3, 4]] as : None]
Timestamp [2024-03-03 17:29:53,369] - Logger Name [main_logger] - Logging Level [INFO] - Log Origin [automation_script.py:<module>:25] - Log Message [ML API predicted the input [[1, 2, 3, 4]] as : None]
Timestamp [2024-03-03 17:29:53,375] - Logger Name [main_logger] - Logging Level [INFO] - Log Origin [automation_script.py:<module>:43] - Log Message [Streamlit should be up and running.....]
Timestamp [2024-03-03 17:29:53,375] - Logger Name [main_logger] - Logging Level [INFO] - Log Origin [automation_script.py:<module>:43] - Log Message [Streamlit should be up and running.....]
Timestamp [2024-03-03 17:29:53,380] - Logger Name [main_logger] - Logging Level [INFO] - Log Origin [automation_script.py:<module>:47] - Log Message [FastAPI should be up and running.....]
Timestamp [2024-03-03 17:29:53,380] - Logger Name [main_logger] - Logging Level [INFO] - Log Origin [automation_script.py:<module>:47] - Log Message [FastAPI should be up and running.....]
Timestamp [2024-03-03 17:29:53,381] - Logger Name [main_logger] - Logging Level [INFO] - Log Origin [automation_script.py:<module>:48] - Log Message [Streamlit and FastAPI are both up and running.]
Timestamp [2024-03-03 17:29:53,381] - Logger Name [main_logger] - Logging Level [INFO] - Log Origin [automation_script.py:<module>:48] - Log Message [Streamlit and FastAPI are both up and running.]
Timestamp [2024-03-03 17:30:01,500] - Logger Name [main_logger] - Logging Level [INFO] - Log Origin [automation_script.py:<module>:22] - Log Message [Automatization is starting.....]
Timestamp [2024-03-03 17:30:01,507] - Logger Name [main_logger] - Logging Level [DEBUG] - Log Origin [utils.py:predict_data_via_api:40] - Log Message [The type of the given data to predict is: <class 'list'>]
Timestamp [2024-03-03 17:30:01,507] - Logger Name [main_logger] - Logging Level [DEBUG] - Log Origin [utils.py:predict_data_via_api:40] - Log Message [The type of the given data to predict is: <class 'list'>]
Timestamp [2024-03-03 17:30:01,507] - Logger Name [main_logger] - Logging Level [DEBUG] - Log Origin [utils.py:predict_data_via_api:41] - Log Message [Data given data to predict is: [[1, 2, 3, 4]]]
Timestamp [2024-03-03 17:30:01,507] - Logger Name [main_logger] - Logging Level [DEBUG] - Log Origin [utils.py:predict_data_via_api:41] - Log Message [Data given data to predict is: [[1, 2, 3, 4]]]
Timestamp [2024-03-03 17:30:01,507] - Logger Name [main_logger] - Logging Level [ERROR] - Log Origin [utils.py:predict_data_via_api:56] - Log Message [Exception occurred in model prediction: too many values to unpack (expected 2)]
Timestamp [2024-03-03 17:30:01,507] - Logger Name [main_logger] - Logging Level [ERROR] - Log Origin [utils.py:predict_data_via_api:56] - Log Message [Exception occurred in model prediction: too many values to unpack (expected 2)]
Timestamp [2024-03-03 17:30:01,508] - Logger Name [main_logger] - Logging Level [INFO] - Log Origin [automation_script.py:<module>:25] - Log Message [ML API predicted the input [[1, 2, 3, 4]] as : None]
Timestamp [2024-03-03 17:30:01,508] - Logger Name [main_logger] - Logging Level [INFO] - Log Origin [automation_script.py:<module>:25] - Log Message [ML API predicted the input [[1, 2, 3, 4]] as : None]
Timestamp [2024-03-03 17:30:01,514] - Logger Name [main_logger] - Logging Level [INFO] - Log Origin [automation_script.py:<module>:43] - Log Message [Streamlit should be up and running.....]
Timestamp [2024-03-03 17:30:01,514] - Logger Name [main_logger] - Logging Level [INFO] - Log Origin [automation_script.py:<module>:43] - Log Message [Streamlit should be up and running.....]
Timestamp [2024-03-03 17:30:01,519] - Logger Name [main_logger] - Logging Level [INFO] - Log Origin [automation_script.py:<module>:47] - Log Message [FastAPI should be up and running.....]
Timestamp [2024-03-03 17:30:01,519] - Logger Name [main_logger] - Logging Level [INFO] - Log Origin [automation_script.py:<module>:47] - Log Message [FastAPI should be up and running.....]
Timestamp [2024-03-03 17:30:01,519] - Logger Name [main_logger] - Logging Level [INFO] - Log Origin [automation_script.py:<module>:48] - Log Message [Streamlit and FastAPI are both up and running.]
Timestamp [2024-03-03 17:30:01,519] - Logger Name [main_logger] - Logging Level [INFO] - Log Origin [automation_script.py:<module>:48] - Log Message [Streamlit and FastAPI are both up and running.]
