Timestamp [2023-12-25 08:59:57,876] - Logger Name [main_logger] - Logging Level [INFO] - Log Origin [automation_script.py:<module>:22] - Log Message [Automatization is starting.....]
Timestamp [2023-12-25 08:59:57,876] - Logger Name [main_logger] - Logging Level [DEBUG] - Log Origin [utils.py:predict_data_via_api:40] - Log Message [The type of the given data to predict is: <class 'list'>]
Timestamp [2023-12-25 08:59:57,876] - Logger Name [main_logger] - Logging Level [DEBUG] - Log Origin [utils.py:predict_data_via_api:40] - Log Message [The type of the given data to predict is: <class 'list'>]
Timestamp [2023-12-25 08:59:57,876] - Logger Name [main_logger] - Logging Level [DEBUG] - Log Origin [utils.py:predict_data_via_api:41] - Log Message [Data given data to predict is: [[1, 2, 3, 4]]]
Timestamp [2023-12-25 08:59:57,876] - Logger Name [main_logger] - Logging Level [DEBUG] - Log Origin [utils.py:predict_data_via_api:41] - Log Message [Data given data to predict is: [[1, 2, 3, 4]]]
Timestamp [2023-12-25 08:59:57,893] - Logger Name [main_logger] - Logging Level [ERROR] - Log Origin [utils.py:predict_data_via_api:56] - Log Message [Exception occurred in model prediction: too many values to unpack (expected 2)]
Timestamp [2023-12-25 08:59:57,893] - Logger Name [main_logger] - Logging Level [ERROR] - Log Origin [utils.py:predict_data_via_api:56] - Log Message [Exception occurred in model prediction: too many values to unpack (expected 2)]
Timestamp [2023-12-25 08:59:57,893] - Logger Name [main_logger] - Logging Level [INFO] - Log Origin [automation_script.py:<module>:25] - Log Message [ML API predicted the input [[1, 2, 3, 4]] as : None]
Timestamp [2023-12-25 08:59:57,893] - Logger Name [main_logger] - Logging Level [INFO] - Log Origin [automation_script.py:<module>:25] - Log Message [ML API predicted the input [[1, 2, 3, 4]] as : None]
Timestamp [2023-12-25 08:59:57,908] - Logger Name [main_logger] - Logging Level [INFO] - Log Origin [automation_script.py:<module>:43] - Log Message [Streamlit should be up and running.....]
Timestamp [2023-12-25 08:59:57,908] - Logger Name [main_logger] - Logging Level [INFO] - Log Origin [automation_script.py:<module>:43] - Log Message [Streamlit should be up and running.....]
Timestamp [2023-12-25 08:59:57,908] - Logger Name [main_logger] - Logging Level [INFO] - Log Origin [automation_script.py:<module>:47] - Log Message [FastAPI should be up and running.....]
Timestamp [2023-12-25 08:59:57,908] - Logger Name [main_logger] - Logging Level [INFO] - Log Origin [automation_script.py:<module>:47] - Log Message [FastAPI should be up and running.....]
Timestamp [2023-12-25 08:59:57,908] - Logger Name [main_logger] - Logging Level [INFO] - Log Origin [automation_script.py:<module>:48] - Log Message [Streamlit and FastAPI are both up and running.]
Timestamp [2023-12-25 08:59:57,908] - Logger Name [main_logger] - Logging Level [INFO] - Log Origin [automation_script.py:<module>:48] - Log Message [Streamlit and FastAPI are both up and running.]
Timestamp [2023-12-25 09:15:59,857] - Logger Name [main_logger] - Logging Level [INFO] - Log Origin [automation_script.py:<module>:22] - Log Message [Automatization is starting.....]
Timestamp [2023-12-25 09:15:59,862] - Logger Name [main_logger] - Logging Level [DEBUG] - Log Origin [utils.py:predict_data_via_api:40] - Log Message [The type of the given data to predict is: <class 'list'>]
Timestamp [2023-12-25 09:15:59,862] - Logger Name [main_logger] - Logging Level [DEBUG] - Log Origin [utils.py:predict_data_via_api:40] - Log Message [The type of the given data to predict is: <class 'list'>]
Timestamp [2023-12-25 09:15:59,862] - Logger Name [main_logger] - Logging Level [DEBUG] - Log Origin [utils.py:predict_data_via_api:41] - Log Message [Data given data to predict is: [[1, 2, 3, 4]]]
Timestamp [2023-12-25 09:15:59,862] - Logger Name [main_logger] - Logging Level [DEBUG] - Log Origin [utils.py:predict_data_via_api:41] - Log Message [Data given data to predict is: [[1, 2, 3, 4]]]
Timestamp [2023-12-25 09:15:59,875] - Logger Name [main_logger] - Logging Level [ERROR] - Log Origin [utils.py:predict_data_via_api:56] - Log Message [Exception occurred in model prediction: too many values to unpack (expected 2)]
Timestamp [2023-12-25 09:15:59,875] - Logger Name [main_logger] - Logging Level [ERROR] - Log Origin [utils.py:predict_data_via_api:56] - Log Message [Exception occurred in model prediction: too many values to unpack (expected 2)]
Timestamp [2023-12-25 09:15:59,875] - Logger Name [main_logger] - Logging Level [INFO] - Log Origin [automation_script.py:<module>:25] - Log Message [ML API predicted the input [[1, 2, 3, 4]] as : None]
Timestamp [2023-12-25 09:15:59,875] - Logger Name [main_logger] - Logging Level [INFO] - Log Origin [automation_script.py:<module>:25] - Log Message [ML API predicted the input [[1, 2, 3, 4]] as : None]
Timestamp [2023-12-25 09:15:59,882] - Logger Name [main_logger] - Logging Level [INFO] - Log Origin [automation_script.py:<module>:43] - Log Message [Streamlit should be up and running.....]
Timestamp [2023-12-25 09:15:59,882] - Logger Name [main_logger] - Logging Level [INFO] - Log Origin [automation_script.py:<module>:43] - Log Message [Streamlit should be up and running.....]
Timestamp [2023-12-25 09:15:59,900] - Logger Name [main_logger] - Logging Level [INFO] - Log Origin [automation_script.py:<module>:47] - Log Message [FastAPI should be up and running.....]
Timestamp [2023-12-25 09:15:59,900] - Logger Name [main_logger] - Logging Level [INFO] - Log Origin [automation_script.py:<module>:47] - Log Message [FastAPI should be up and running.....]
Timestamp [2023-12-25 09:15:59,900] - Logger Name [main_logger] - Logging Level [INFO] - Log Origin [automation_script.py:<module>:48] - Log Message [Streamlit and FastAPI are both up and running.]
Timestamp [2023-12-25 09:15:59,900] - Logger Name [main_logger] - Logging Level [INFO] - Log Origin [automation_script.py:<module>:48] - Log Message [Streamlit and FastAPI are both up and running.]
